Error response from daemon: container 041dc737000f0f91a636ac2bea14dbdaacfa22431372b635c5ddc960051ec1d1 is not running
Error response from daemon: Could not find the file /data/backup_2025-09-18_07-45-23 in container 041dc737000f
✅ Backup completed: /home/abc/test3215/backup_2025-09-18_07-45-23
2025-09-18T08:55:01.427+0000	writing admin.system.version to /data/backup_2025-09-18_08-55-01/admin/system.version.bson
2025-09-18T08:55:01.430+0000	done dumping admin.system.version (1 document)
2025-09-18T08:55:01.430+0000	writing almumtaz.acceptbooks to /data/backup_2025-09-18_08-55-01/almumtaz/acceptbooks.bson
2025-09-18T08:55:01.430+0000	writing almumtaz.ratings to /data/backup_2025-09-18_08-55-01/almumtaz/ratings.bson
2025-09-18T08:55:01.430+0000	writing almumtaz.sliders to /data/backup_2025-09-18_08-55-01/almumtaz/sliders.bson
2025-09-18T08:55:01.431+0000	writing almumtaz.services to /data/backup_2025-09-18_08-55-01/almumtaz/services.bson
2025-09-18T08:55:01.434+0000	done dumping almumtaz.ratings (0 documents)
2025-09-18T08:55:01.434+0000	writing almumtaz.notifications to /data/backup_2025-09-18_08-55-01/almumtaz/notifications.bson
2025-09-18T08:55:01.435+0000	done dumping almumtaz.acceptbooks (0 documents)
2025-09-18T08:55:01.435+0000	writing almumtaz.subcategories to /data/backup_2025-09-18_08-55-01/almumtaz/subcategories.bson
2025-09-18T08:55:01.435+0000	done dumping almumtaz.services (0 documents)
2025-09-18T08:55:01.435+0000	writing almumtaz.cities to /data/backup_2025-09-18_08-55-01/almumtaz/cities.bson
2025-09-18T08:55:01.436+0000	done dumping almumtaz.sliders (0 documents)
2025-09-18T08:55:01.436+0000	writing almumtaz.quotations to /data/backup_2025-09-18_08-55-01/almumtaz/quotations.bson
2025-09-18T08:55:01.438+0000	done dumping almumtaz.cities (0 documents)
2025-09-18T08:55:01.438+0000	writing almumtaz.categories to /data/backup_2025-09-18_08-55-01/almumtaz/categories.bson
2025-09-18T08:55:01.439+0000	done dumping almumtaz.notifications (0 documents)
2025-09-18T08:55:01.439+0000	writing almumtaz.books to /data/backup_2025-09-18_08-55-01/almumtaz/books.bson
2025-09-18T08:55:01.440+0000	done dumping almumtaz.subcategories (0 documents)
2025-09-18T08:55:01.440+0000	writing almumtaz.users to /data/backup_2025-09-18_08-55-01/almumtaz/users.bson
2025-09-18T08:55:01.440+0000	done dumping almumtaz.categories (0 documents)
2025-09-18T08:55:01.441+0000	writing almumtaz.sellers to /data/backup_2025-09-18_08-55-01/almumtaz/sellers.bson
2025-09-18T08:55:01.441+0000	done dumping almumtaz.books (0 documents)
2025-09-18T08:55:01.441+0000	writing almumtaz.taxes to /data/backup_2025-09-18_08-55-01/almumtaz/taxes.bson
2025-09-18T08:55:01.442+0000	done dumping almumtaz.users (0 documents)
2025-09-18T08:55:01.442+0000	writing almumtaz.countries to /data/backup_2025-09-18_08-55-01/almumtaz/countries.bson
2025-09-18T08:55:01.443+0000	done dumping almumtaz.taxes (0 documents)
2025-09-18T08:55:01.443+0000	writing almumtaz.verifies to /data/backup_2025-09-18_08-55-01/almumtaz/verifies.bson
2025-09-18T08:55:01.443+0000	done dumping almumtaz.sellers (0 documents)
2025-09-18T08:55:01.444+0000	done dumping almumtaz.countries (0 documents)
2025-09-18T08:55:01.445+0000	done dumping almumtaz.verifies (0 documents)
2025-09-18T08:55:01.445+0000	done dumping almumtaz.quotations (0 documents)
✅ Backup completed: /home/abc/test3215/backup_2025-09-18_08-55-01
2025-09-19T04:53:02.271+0000	writing admin.system.version to /data/backup_2025-09-19_04-53-01/admin/system.version.bson
2025-09-19T04:53:02.288+0000	done dumping admin.system.version (1 document)
2025-09-19T04:53:02.288+0000	writing almumtaz.taxes to /data/backup_2025-09-19_04-53-01/almumtaz/taxes.bson
2025-09-19T04:53:02.288+0000	writing almumtaz.books to /data/backup_2025-09-19_04-53-01/almumtaz/books.bson
2025-09-19T04:53:02.291+0000	writing almumtaz.quotations to /data/backup_2025-09-19_04-53-01/almumtaz/quotations.bson
2025-09-19T04:53:02.292+0000	writing almumtaz.subcategories to /data/backup_2025-09-19_04-53-01/almumtaz/subcategories.bson
2025-09-19T04:53:02.305+0000	done dumping almumtaz.books (0 documents)
2025-09-19T04:53:02.305+0000	writing almumtaz.cities to /data/backup_2025-09-19_04-53-01/almumtaz/cities.bson
2025-09-19T04:53:02.306+0000	done dumping almumtaz.taxes (0 documents)
2025-09-19T04:53:02.306+0000	writing almumtaz.sellers to /data/backup_2025-09-19_04-53-01/almumtaz/sellers.bson
2025-09-19T04:53:02.309+0000	done dumping almumtaz.quotations (0 documents)
2025-09-19T04:53:02.309+0000	writing almumtaz.categories to /data/backup_2025-09-19_04-53-01/almumtaz/categories.bson
2025-09-19T04:53:02.310+0000	done dumping almumtaz.cities (0 documents)
2025-09-19T04:53:02.310+0000	writing almumtaz.users to /data/backup_2025-09-19_04-53-01/almumtaz/users.bson
2025-09-19T04:53:02.311+0000	done dumping almumtaz.users (0 documents)
2025-09-19T04:53:02.311+0000	writing almumtaz.notifications to /data/backup_2025-09-19_04-53-01/almumtaz/notifications.bson
2025-09-19T04:53:02.312+0000	done dumping almumtaz.categories (0 documents)
2025-09-19T04:53:02.312+0000	writing almumtaz.verifies to /data/backup_2025-09-19_04-53-01/almumtaz/verifies.bson
2025-09-19T04:53:02.312+0000	done dumping almumtaz.sellers (0 documents)
2025-09-19T04:53:02.312+0000	writing almumtaz.services to /data/backup_2025-09-19_04-53-01/almumtaz/services.bson
2025-09-19T04:53:02.313+0000	done dumping almumtaz.notifications (0 documents)
2025-09-19T04:53:02.313+0000	writing almumtaz.acceptbooks to /data/backup_2025-09-19_04-53-01/almumtaz/acceptbooks.bson
2025-09-19T04:53:02.315+0000	done dumping almumtaz.verifies (0 documents)
2025-09-19T04:53:02.315+0000	writing almumtaz.countries to /data/backup_2025-09-19_04-53-01/almumtaz/countries.bson
2025-09-19T04:53:02.316+0000	done dumping almumtaz.services (0 documents)
2025-09-19T04:53:02.316+0000	writing almumtaz.sliders to /data/backup_2025-09-19_04-53-01/almumtaz/sliders.bson
2025-09-19T04:53:02.318+0000	done dumping almumtaz.acceptbooks (0 documents)
2025-09-19T04:53:02.318+0000	writing almumtaz.ratings to /data/backup_2025-09-19_04-53-01/almumtaz/ratings.bson
2025-09-19T04:53:02.319+0000	done dumping almumtaz.sliders (0 documents)
2025-09-19T04:53:02.319+0000	done dumping almumtaz.countries (0 documents)
2025-09-19T04:53:02.320+0000	done dumping almumtaz.ratings (0 documents)
2025-09-19T04:53:02.324+0000	done dumping almumtaz.subcategories (0 documents)
✅ Backup completed: /home/abc/test3215/backup_2025-09-19_04-53-01
2025-09-20T05:23:31.553+0000	writing admin.system.version to /data/backup_2025-09-20_05-23-29/admin/system.version.bson
2025-09-20T05:23:31.588+0000	done dumping admin.system.version (1 document)
2025-09-20T05:23:31.589+0000	writing almumtaz.taxes to /data/backup_2025-09-20_05-23-29/almumtaz/taxes.bson
2025-09-20T05:23:31.589+0000	writing almumtaz.quotations to /data/backup_2025-09-20_05-23-29/almumtaz/quotations.bson
2025-09-20T05:23:31.591+0000	writing almumtaz.books to /data/backup_2025-09-20_05-23-29/almumtaz/books.bson
2025-09-20T05:23:31.591+0000	writing almumtaz.subcategories to /data/backup_2025-09-20_05-23-29/almumtaz/subcategories.bson
2025-09-20T05:23:31.626+0000	done dumping almumtaz.books (0 documents)
2025-09-20T05:23:31.627+0000	writing almumtaz.cities to /data/backup_2025-09-20_05-23-29/almumtaz/cities.bson
2025-09-20T05:23:31.628+0000	done dumping almumtaz.quotations (0 documents)
2025-09-20T05:23:31.628+0000	writing almumtaz.sellers to /data/backup_2025-09-20_05-23-29/almumtaz/sellers.bson
2025-09-20T05:23:31.630+0000	done dumping almumtaz.taxes (0 documents)
2025-09-20T05:23:31.631+0000	writing almumtaz.categories to /data/backup_2025-09-20_05-23-29/almumtaz/categories.bson
2025-09-20T05:23:31.631+0000	done dumping almumtaz.subcategories (0 documents)
2025-09-20T05:23:31.631+0000	writing almumtaz.users to /data/backup_2025-09-20_05-23-29/almumtaz/users.bson
2025-09-20T05:23:31.633+0000	done dumping almumtaz.cities (0 documents)
2025-09-20T05:23:31.634+0000	writing almumtaz.notifications to /data/backup_2025-09-20_05-23-29/almumtaz/notifications.bson
2025-09-20T05:23:31.636+0000	done dumping almumtaz.sellers (0 documents)
2025-09-20T05:23:31.637+0000	writing almumtaz.verifies to /data/backup_2025-09-20_05-23-29/almumtaz/verifies.bson
2025-09-20T05:23:31.638+0000	done dumping almumtaz.categories (0 documents)
2025-09-20T05:23:31.638+0000	writing almumtaz.services to /data/backup_2025-09-20_05-23-29/almumtaz/services.bson
2025-09-20T05:23:31.642+0000	done dumping almumtaz.users (0 documents)
2025-09-20T05:23:31.642+0000	writing almumtaz.acceptbooks to /data/backup_2025-09-20_05-23-29/almumtaz/acceptbooks.bson
2025-09-20T05:23:31.644+0000	done dumping almumtaz.services (0 documents)
2025-09-20T05:23:31.644+0000	writing almumtaz.countries to /data/backup_2025-09-20_05-23-29/almumtaz/countries.bson
2025-09-20T05:23:31.647+0000	done dumping almumtaz.notifications (0 documents)
2025-09-20T05:23:31.647+0000	writing almumtaz.sliders to /data/backup_2025-09-20_05-23-29/almumtaz/sliders.bson
2025-09-20T05:23:31.653+0000	done dumping almumtaz.acceptbooks (0 documents)
2025-09-20T05:23:31.653+0000	writing almumtaz.ratings to /data/backup_2025-09-20_05-23-29/almumtaz/ratings.bson
2025-09-20T05:23:31.656+0000	done dumping almumtaz.verifies (0 documents)
2025-09-20T05:23:31.658+0000	done dumping almumtaz.countries (0 documents)
2025-09-20T05:23:31.659+0000	done dumping almumtaz.ratings (0 documents)
2025-09-20T05:23:31.665+0000	done dumping almumtaz.sliders (0 documents)
✅ Backup completed: /home/abc/test3215/backup_2025-09-20_05-23-29
2025-09-22T04:53:06.460+0000	writing admin.system.version to /data/backup_2025-09-22_04-53-01/admin/system.version.bson
2025-09-22T04:53:06.484+0000	done dumping admin.system.version (1 document)
2025-09-22T04:53:06.485+0000	writing almumtaz.books to /data/backup_2025-09-22_04-53-01/almumtaz/books.bson
2025-09-22T04:53:06.488+0000	writing almumtaz.taxes to /data/backup_2025-09-22_04-53-01/almumtaz/taxes.bson
2025-09-22T04:53:06.490+0000	writing almumtaz.quotations to /data/backup_2025-09-22_04-53-01/almumtaz/quotations.bson
2025-09-22T04:53:06.493+0000	writing almumtaz.subcategories to /data/backup_2025-09-22_04-53-01/almumtaz/subcategories.bson
2025-09-22T04:53:06.528+0000	done dumping almumtaz.taxes (0 documents)
2025-09-22T04:53:06.529+0000	writing almumtaz.cities to /data/backup_2025-09-22_04-53-01/almumtaz/cities.bson
2025-09-22T04:53:06.530+0000	done dumping almumtaz.books (0 documents)
2025-09-22T04:53:06.530+0000	writing almumtaz.sellers to /data/backup_2025-09-22_04-53-01/almumtaz/sellers.bson
2025-09-22T04:53:06.536+0000	done dumping almumtaz.quotations (0 documents)
2025-09-22T04:53:06.536+0000	writing almumtaz.categories to /data/backup_2025-09-22_04-53-01/almumtaz/categories.bson
2025-09-22T04:53:06.537+0000	done dumping almumtaz.subcategories (0 documents)
2025-09-22T04:53:06.537+0000	writing almumtaz.users to /data/backup_2025-09-22_04-53-01/almumtaz/users.bson
2025-09-22T04:53:06.539+0000	done dumping almumtaz.sellers (0 documents)
2025-09-22T04:53:06.539+0000	writing almumtaz.notifications to /data/backup_2025-09-22_04-53-01/almumtaz/notifications.bson
2025-09-22T04:53:06.539+0000	done dumping almumtaz.cities (0 documents)
2025-09-22T04:53:06.539+0000	writing almumtaz.verifies to /data/backup_2025-09-22_04-53-01/almumtaz/verifies.bson
2025-09-22T04:53:06.551+0000	done dumping almumtaz.categories (0 documents)
2025-09-22T04:53:06.551+0000	writing almumtaz.services to /data/backup_2025-09-22_04-53-01/almumtaz/services.bson
2025-09-22T04:53:06.556+0000	done dumping almumtaz.users (0 documents)
2025-09-22T04:53:06.556+0000	writing almumtaz.acceptbooks to /data/backup_2025-09-22_04-53-01/almumtaz/acceptbooks.bson
2025-09-22T04:53:06.558+0000	done dumping almumtaz.services (0 documents)
2025-09-22T04:53:06.558+0000	writing almumtaz.countries to /data/backup_2025-09-22_04-53-01/almumtaz/countries.bson
2025-09-22T04:53:06.559+0000	done dumping almumtaz.notifications (0 documents)
2025-09-22T04:53:06.559+0000	writing almumtaz.sliders to /data/backup_2025-09-22_04-53-01/almumtaz/sliders.bson
2025-09-22T04:53:06.560+0000	done dumping almumtaz.countries (0 documents)
2025-09-22T04:53:06.560+0000	writing almumtaz.ratings to /data/backup_2025-09-22_04-53-01/almumtaz/ratings.bson
2025-09-22T04:53:06.563+0000	done dumping almumtaz.verifies (0 documents)
2025-09-22T04:53:06.568+0000	done dumping almumtaz.sliders (0 documents)
2025-09-22T04:53:06.570+0000	done dumping almumtaz.ratings (0 documents)
2025-09-22T04:53:06.570+0000	done dumping almumtaz.acceptbooks (0 documents)
✅ Backup completed: /home/abc/test3215/backup_2025-09-22_04-53-01
2025-09-27T06:25:01.561+0000	writing admin.system.version to /data/backup_2025-09-27_06-25-01/admin/system.version.bson
2025-09-27T06:25:01.564+0000	done dumping admin.system.version (1 document)
2025-09-27T06:25:01.564+0000	writing sarmad.products to /data/backup_2025-09-27_06-25-01/sarmad/products.bson
2025-09-27T06:25:01.564+0000	writing almumtaz.notifications to /data/backup_2025-09-27_06-25-01/almumtaz/notifications.bson
2025-09-27T06:25:01.565+0000	writing almumtaz.verifies to /data/backup_2025-09-27_06-25-01/almumtaz/verifies.bson
2025-09-27T06:25:01.565+0000	writing almumtaz.subcategories to /data/backup_2025-09-27_06-25-01/almumtaz/subcategories.bson
2025-09-27T06:25:01.568+0000	done dumping sarmad.products (1 document)
2025-09-27T06:25:01.568+0000	writing almumtaz.cities to /data/backup_2025-09-27_06-25-01/almumtaz/cities.bson
2025-09-27T06:25:01.570+0000	done dumping almumtaz.verifies (0 documents)
2025-09-27T06:25:01.571+0000	writing almumtaz.sellers to /data/backup_2025-09-27_06-25-01/almumtaz/sellers.bson
2025-09-27T06:25:01.572+0000	done dumping almumtaz.cities (0 documents)
2025-09-27T06:25:01.572+0000	writing almumtaz.categories to /data/backup_2025-09-27_06-25-01/almumtaz/categories.bson
2025-09-27T06:25:01.574+0000	done dumping almumtaz.subcategories (0 documents)
2025-09-27T06:25:01.574+0000	writing almumtaz.quotations to /data/backup_2025-09-27_06-25-01/almumtaz/quotations.bson
2025-09-27T06:25:01.575+0000	done dumping almumtaz.notifications (0 documents)
2025-09-27T06:25:01.575+0000	writing almumtaz.books to /data/backup_2025-09-27_06-25-01/almumtaz/books.bson
2025-09-27T06:25:01.577+0000	done dumping almumtaz.categories (0 documents)
2025-09-27T06:25:01.577+0000	writing almumtaz.users to /data/backup_2025-09-27_06-25-01/almumtaz/users.bson
2025-09-27T06:25:01.578+0000	done dumping almumtaz.quotations (0 documents)
2025-09-27T06:25:01.578+0000	writing almumtaz.services to /data/backup_2025-09-27_06-25-01/almumtaz/services.bson
2025-09-27T06:25:01.580+0000	done dumping almumtaz.books (0 documents)
2025-09-27T06:25:01.580+0000	writing almumtaz.acceptbooks to /data/backup_2025-09-27_06-25-01/almumtaz/acceptbooks.bson
2025-09-27T06:25:01.581+0000	done dumping almumtaz.sellers (0 documents)
2025-09-27T06:25:01.581+0000	writing almumtaz.countries to /data/backup_2025-09-27_06-25-01/almumtaz/countries.bson
2025-09-27T06:25:01.583+0000	done dumping almumtaz.services (0 documents)
2025-09-27T06:25:01.583+0000	writing almumtaz.sliders to /data/backup_2025-09-27_06-25-01/almumtaz/sliders.bson
2025-09-27T06:25:01.585+0000	done dumping almumtaz.acceptbooks (0 documents)
2025-09-27T06:25:01.585+0000	writing almumtaz.ratings to /data/backup_2025-09-27_06-25-01/almumtaz/ratings.bson
2025-09-27T06:25:01.585+0000	done dumping almumtaz.countries (0 documents)
2025-09-27T06:25:01.585+0000	writing almumtaz.taxes to /data/backup_2025-09-27_06-25-01/almumtaz/taxes.bson
2025-09-27T06:25:01.587+0000	done dumping almumtaz.users (0 documents)
2025-09-27T06:25:01.589+0000	done dumping almumtaz.sliders (0 documents)
2025-09-27T06:25:01.590+0000	done dumping almumtaz.ratings (0 documents)
2025-09-27T06:25:01.591+0000	done dumping almumtaz.taxes (0 documents)
✅ Backup completed: /home/abc/test3215/backup_2025-09-27_06-25-01
Error response from daemon: No such container: 7c1fc0d09eae
Error response from daemon: No such container: 7c1fc0d09eae
✅ Backup completed: /home/abc/test3215/backup_2025-09-29_06-25-01
Error response from daemon: No such container: 7c1fc0d09eae
Error response from daemon: No such container: 7c1fc0d09eae
✅ Backup completed: /home/abc/test3215/backup_2025-10-01_06-25-01
Error response from daemon: No such container: 7c1fc0d09eae
Error response from daemon: No such container: 7c1fc0d09eae
✅ Backup completed: /home/abc/test3215/backup_2025-10-02_06-25-01
Error response from daemon: No such container: 7c1fc0d09eae
Error response from daemon: No such container: 7c1fc0d09eae
✅ Backup completed: /home/abc/test3215/backup_2025-10-03_06-26-23
Error response from daemon: No such container: 7c1fc0d09eae
Error response from daemon: No such container: 7c1fc0d09eae
✅ Backup completed: /home/abc/test3215/backup_2025-10-04_06-26-51
2025-10-08T05:02:01.993+0000	writing admin.system.version to /data/backup_2025-10-08_05-02-01/admin/system.version.bson
2025-10-08T05:02:01.996+0000	done dumping admin.system.version (1 document)
2025-10-08T05:02:01.996+0000	writing sarmad.products to /data/backup_2025-10-08_05-02-01/sarmad/products.bson
2025-10-08T05:02:01.996+0000	writing almumtaz.notifications to /data/backup_2025-10-08_05-02-01/almumtaz/notifications.bson
2025-10-08T05:02:01.996+0000	writing almumtaz.verifies to /data/backup_2025-10-08_05-02-01/almumtaz/verifies.bson
2025-10-08T05:02:01.997+0000	writing almumtaz.subcategories to /data/backup_2025-10-08_05-02-01/almumtaz/subcategories.bson
2025-10-08T05:02:02.001+0000	done dumping sarmad.products (1 document)
2025-10-08T05:02:02.001+0000	writing almumtaz.cities to /data/backup_2025-10-08_05-02-01/almumtaz/cities.bson
2025-10-08T05:02:02.002+0000	done dumping almumtaz.subcategories (0 documents)
2025-10-08T05:02:02.002+0000	writing almumtaz.sellers to /data/backup_2025-10-08_05-02-01/almumtaz/sellers.bson
2025-10-08T05:02:02.003+0000	done dumping almumtaz.notifications (0 documents)
2025-10-08T05:02:02.003+0000	writing almumtaz.categories to /data/backup_2025-10-08_05-02-01/almumtaz/categories.bson
2025-10-08T05:02:02.003+0000	done dumping almumtaz.verifies (0 documents)
2025-10-08T05:02:02.003+0000	writing almumtaz.quotations to /data/backup_2025-10-08_05-02-01/almumtaz/quotations.bson
2025-10-08T05:02:02.004+0000	done dumping almumtaz.cities (0 documents)
2025-10-08T05:02:02.004+0000	writing almumtaz.books to /data/backup_2025-10-08_05-02-01/almumtaz/books.bson
2025-10-08T05:02:02.005+0000	done dumping almumtaz.sellers (0 documents)
2025-10-08T05:02:02.005+0000	writing almumtaz.users to /data/backup_2025-10-08_05-02-01/almumtaz/users.bson
2025-10-08T05:02:02.005+0000	done dumping almumtaz.categories (0 documents)
2025-10-08T05:02:02.006+0000	writing almumtaz.services to /data/backup_2025-10-08_05-02-01/almumtaz/services.bson
2025-10-08T05:02:02.007+0000	done dumping almumtaz.quotations (0 documents)
2025-10-08T05:02:02.007+0000	writing almumtaz.acceptbooks to /data/backup_2025-10-08_05-02-01/almumtaz/acceptbooks.bson
2025-10-08T05:02:02.009+0000	done dumping almumtaz.books (0 documents)
2025-10-08T05:02:02.009+0000	writing almumtaz.countries to /data/backup_2025-10-08_05-02-01/almumtaz/countries.bson
2025-10-08T05:02:02.010+0000	done dumping almumtaz.services (0 documents)
2025-10-08T05:02:02.010+0000	writing almumtaz.sliders to /data/backup_2025-10-08_05-02-01/almumtaz/sliders.bson
2025-10-08T05:02:02.011+0000	done dumping almumtaz.sliders (0 documents)
2025-10-08T05:02:02.011+0000	writing almumtaz.ratings to /data/backup_2025-10-08_05-02-01/almumtaz/ratings.bson
2025-10-08T05:02:02.012+0000	done dumping almumtaz.users (0 documents)
2025-10-08T05:02:02.012+0000	writing almumtaz.taxes to /data/backup_2025-10-08_05-02-01/almumtaz/taxes.bson
2025-10-08T05:02:02.013+0000	done dumping almumtaz.acceptbooks (0 documents)
2025-10-08T05:02:02.013+0000	done dumping almumtaz.countries (0 documents)
2025-10-08T05:02:02.013+0000	done dumping almumtaz.ratings (0 documents)
2025-10-08T05:02:02.014+0000	done dumping almumtaz.taxes (0 documents)
✅ Backup completed: /home/abc/test3215/backup_2025-10-08_05-02-01
